<?xml version="1.0" encoding="UTF-8"?>
<!-- Generated by org.testng.reporters.JUnitReportReporter -->
<testsuite skipped="0" hostname="LAPTOP-8RMR6R3K" name="jenkins.Automation" tests="1" failures="0" timestamp="2022-02-01T20:16:38 IST" time="8.294" errors="0">
  <testcase name="test1" time="8.294" classname="jenkins.Automation"/>
  <system-out/>
</testsuite> <!-- jenkins.Automation -->
